<?xml version="1.0" encoding="UTF-8"?>
<testng-results ignored="0" total="1" passed="1" failed="0" skipped="0">
  <reporter-output>
  </reporter-output>
  <suite started-at="2026-03-12T15:48:07 EDT" name="Suite" finished-at="2026-03-12T15:48:22 EDT" duration-ms="14775">
    <groups>
    </groups>
    <test started-at="2026-03-12T15:48:07 EDT" name="Test" finished-at="2026-03-12T15:48:22 EDT" duration-ms="14775">
      <class name="com.orangehrm.test.Testone">
        <test-method signature="testone()[pri:0, instance:com.orangehrm.test.Testone@1bb5a082]" started-at="2026-03-12T15:48:07 EDT" name="testone" finished-at="2026-03-12T15:48:22 EDT" duration-ms="14710" status="PASS">
          <reporter-output>
          </reporter-output>
        </test-method> <!-- testone -->
      </class> <!-- com.orangehrm.test.Testone -->
    </test> <!-- Test -->
  </suite> <!-- Suite -->
</testng-results>
